c:\program files\kingpin\nbk\nbk_sdk\ai_bum_sit.nativecodeanalysis.xml
c:\program files\kingpin\nbk\nbk_sdk\ai_bum_sit.obj
c:\program files\kingpin\nbk\nbk_sdk\ep_log.nativecodeanalysis.xml
c:\program files\kingpin\nbk\nbk_sdk\ep_log.obj
c:\program files\kingpin\nbk\nbk_sdk\ep_steeltown.nativecodeanalysis.xml
c:\program files\kingpin\nbk\nbk_sdk\ep_steeltown.obj
c:\program files\kingpin\nbk\nbk_sdk\g_ai_memory.nativecodeanalysis.xml
c:\program files\kingpin\nbk\nbk_sdk\g_ai_memory.obj
c:\program files\kingpin\nbk\nbk_sdk\g_main.nativecodeanalysis.xml
c:\program files\kingpin\nbk\nbk_sdk\g_main.obj
c:\program files\kingpin\nbk\nbk_sdk\g_svcmds.nativecodeanalysis.xml
c:\program files\kingpin\nbk\nbk_sdk\g_svcmds.obj
c:\program files\kingpin\nbk\nbk_sdk\bot_koogle_ai.nativecodeanalysis.xml
c:\program files\kingpin\nbk\nbk_sdk\bot_koogle_ai.obj
c:\program files\kingpin\nbk\nbk_sdk\p_client.nativecodeanalysis.xml
c:\program files\kingpin\nbk\nbk_sdk\p_client.obj
c:\program files\kingpin\nbk\nbk_sdk\ai_punk.nativecodeanalysis.xml
c:\program files\kingpin\nbk\nbk_sdk\ai_punk.obj
c:\program files\kingpin\nbk\nbk_sdk\ep_radiocity.nativecodeanalysis.xml
c:\program files\kingpin\nbk\nbk_sdk\ep_radiocity.obj
c:\program files\kingpin\nbk\nbk_sdk\gslog.nativecodeanalysis.xml
c:\program files\kingpin\nbk\nbk_sdk\gslog.obj
c:\program files\kingpin\nbk\nbk_sdk\g_cmds.nativecodeanalysis.xml
c:\program files\kingpin\nbk\nbk_sdk\g_cmds.obj
c:\program files\kingpin\nbk\nbk_sdk\g_spawn.nativecodeanalysis.xml
c:\program files\kingpin\nbk\nbk_sdk\g_spawn.obj
c:\program files\kingpin\nbk\nbk_sdk\bot_koogle_compress.nativecodeanalysis.xml
c:\program files\kingpin\nbk\nbk_sdk\bot_koogle_compress.obj
c:\program files\kingpin\nbk\nbk_sdk\m_bbox.nativecodeanalysis.xml
c:\program files\kingpin\nbk\nbk_sdk\m_bbox.obj
c:\program files\kingpin\nbk\nbk_sdk\tourney.nativecodeanalysis.xml
c:\program files\kingpin\nbk\nbk_sdk\tourney.obj
c:\program files\kingpin\nbk\nbk_sdk\! natural born killers !.nativecodeanalysis.xml
c:\program files\kingpin\nbk\nbk_sdk\! natural born killers !.obj
c:\program files\kingpin\nbk\nbk_sdk\ai_thug_sit.nativecodeanalysis.xml
c:\program files\kingpin\nbk\nbk_sdk\ai_thug_sit.obj
c:\program files\kingpin\nbk\nbk_sdk\g_ai.nativecodeanalysis.xml
c:\program files\kingpin\nbk\nbk_sdk\g_ai.obj
c:\program files\kingpin\nbk\nbk_sdk\g_pawn.nativecodeanalysis.xml
c:\program files\kingpin\nbk\nbk_sdk\g_pawn.obj
c:\program files\kingpin\nbk\nbk_sdk\g_teamplay.nativecodeanalysis.xml
c:\program files\kingpin\nbk\nbk_sdk\g_teamplay.obj
c:\program files\kingpin\nbk\nbk_sdk\bot_koogle_movement.nativecodeanalysis.xml
c:\program files\kingpin\nbk\nbk_sdk\bot_koogle_movement.obj
c:\program files\kingpin\nbk\nbk_sdk\p_hud.nativecodeanalysis.xml
c:\program files\kingpin\nbk\nbk_sdk\p_hud.obj
c:\program files\kingpin\nbk\nbk_sdk\ai_shorty.nativecodeanalysis.xml
c:\program files\kingpin\nbk\nbk_sdk\ai_shorty.obj
c:\program files\kingpin\nbk\nbk_sdk\ep_shipyards.nativecodeanalysis.xml
c:\program files\kingpin\nbk\nbk_sdk\ep_shipyards.obj
c:\program files\kingpin\nbk\nbk_sdk\g_ai_ents.nativecodeanalysis.xml
c:\program files\kingpin\nbk\nbk_sdk\g_ai_ents.obj
c:\program files\kingpin\nbk\nbk_sdk\g_func.nativecodeanalysis.xml
c:\program files\kingpin\nbk\nbk_sdk\g_func.obj
c:\program files\kingpin\nbk\nbk_sdk\g_target.nativecodeanalysis.xml
c:\program files\kingpin\nbk\nbk_sdk\g_target.obj
c:\program files\kingpin\nbk\nbk_sdk\m_move.nativecodeanalysis.xml
c:\program files\kingpin\nbk\nbk_sdk\m_move.obj
c:\program files\kingpin\nbk\nbk_sdk\stdlog.nativecodeanalysis.xml
c:\program files\kingpin\nbk\nbk_sdk\stdlog.obj
c:\program files\kingpin\nbk\nbk_sdk\voice.nativecodeanalysis.xml
c:\program files\kingpin\nbk\nbk_sdk\voice.obj
c:\program files\kingpin\nbk\nbk_sdk\ai_runt.nativecodeanalysis.xml
c:\program files\kingpin\nbk\nbk_sdk\ai_runt.obj
c:\program files\kingpin\nbk\nbk_sdk\ep_crystalpalace.nativecodeanalysis.xml
c:\program files\kingpin\nbk\nbk_sdk\ep_crystalpalace.obj
c:\program files\kingpin\nbk\nbk_sdk\ep_trainyard.nativecodeanalysis.xml
c:\program files\kingpin\nbk\nbk_sdk\ep_trainyard.obj
c:\program files\kingpin\nbk\nbk_sdk\g_cast.nativecodeanalysis.xml
c:\program files\kingpin\nbk\nbk_sdk\g_cast.obj
c:\program files\kingpin\nbk\nbk_sdk\g_misc.nativecodeanalysis.xml
c:\program files\kingpin\nbk\nbk_sdk\g_misc.obj
c:\program files\kingpin\nbk\nbk_sdk\g_trigger.nativecodeanalysis.xml
c:\program files\kingpin\nbk\nbk_sdk\g_trigger.obj
c:\program files\kingpin\nbk\nbk_sdk\bot_koogle_items.nativecodeanalysis.xml
c:\program files\kingpin\nbk\nbk_sdk\bot_koogle_items.obj
c:\program files\kingpin\nbk\nbk_sdk\p_view.nativecodeanalysis.xml
c:\program files\kingpin\nbk\nbk_sdk\p_view.obj
c:\program files\kingpin\nbk\nbk_sdk\voice_punk.nativecodeanalysis.xml
c:\program files\kingpin\nbk\nbk_sdk\voice_punk.obj
c:\program files\kingpin\nbk\nbk_sdk\ai_thug.nativecodeanalysis.xml
c:\program files\kingpin\nbk\nbk_sdk\ai_thug.obj
c:\program files\kingpin\nbk\nbk_sdk\ep_posionville.nativecodeanalysis.xml
c:\program files\kingpin\nbk\nbk_sdk\ep_posionville.obj
c:\program files\kingpin\nbk\nbk_sdk\file.nativecodeanalysis.xml
c:\program files\kingpin\nbk\nbk_sdk\file.obj
c:\program files\kingpin\nbk\nbk_sdk\g_combat.nativecodeanalysis.xml
c:\program files\kingpin\nbk\nbk_sdk\g_combat.obj
c:\program files\kingpin\nbk\nbk_sdk\g_phys.nativecodeanalysis.xml
c:\program files\kingpin\nbk\nbk_sdk\g_phys.obj
c:\program files\kingpin\nbk\nbk_sdk\g_utils.nativecodeanalysis.xml
c:\program files\kingpin\nbk\nbk_sdk\g_utils.obj
c:\program files\kingpin\nbk\nbk_sdk\bot_koogle_spawn.nativecodeanalysis.xml
c:\program files\kingpin\nbk\nbk_sdk\bot_koogle_spawn.obj
c:\program files\kingpin\nbk\nbk_sdk\vehicles.nativecodeanalysis.xml
c:\program files\kingpin\nbk\nbk_sdk\vehicles.obj
c:\program files\kingpin\nbk\nbk_sdk\ai_bitch.nativecodeanalysis.xml
c:\program files\kingpin\nbk\nbk_sdk\ai_bitch.obj
c:\program files\kingpin\nbk\nbk_sdk\ep_all.nativecodeanalysis.xml
c:\program files\kingpin\nbk\nbk_sdk\ep_all.obj
c:\program files\kingpin\nbk\nbk_sdk\ep_skidrow.nativecodeanalysis.xml
c:\program files\kingpin\nbk\nbk_sdk\ep_skidrow.obj
c:\program files\kingpin\nbk\nbk_sdk\g_chase.nativecodeanalysis.xml
c:\program files\kingpin\nbk\nbk_sdk\g_chase.obj
c:\program files\kingpin\nbk\nbk_sdk\g_joe_misc.nativecodeanalysis.xml
c:\program files\kingpin\nbk\nbk_sdk\g_joe_misc.obj
c:\program files\kingpin\nbk\nbk_sdk\bot_koogle_cmds.nativecodeanalysis.xml
c:\program files\kingpin\nbk\nbk_sdk\bot_koogle_cmds.obj
c:\program files\kingpin\nbk\nbk_sdk\bot_koogle_nodes.nativecodeanalysis.xml
c:\program files\kingpin\nbk\nbk_sdk\bot_koogle_nodes.obj
c:\program files\kingpin\nbk\nbk_sdk\p_weapon.nativecodeanalysis.xml
c:\program files\kingpin\nbk\nbk_sdk\p_weapon.obj
c:\program files\kingpin\nbk\nbk_sdk\ai_dog.nativecodeanalysis.xml
c:\program files\kingpin\nbk\nbk_sdk\ai_dog.obj
c:\program files\kingpin\nbk\nbk_sdk\ai_whore.nativecodeanalysis.xml
c:\program files\kingpin\nbk\nbk_sdk\ai_whore.obj
c:\program files\kingpin\nbk\nbk_sdk\g_ai_fight.nativecodeanalysis.xml
c:\program files\kingpin\nbk\nbk_sdk\g_ai_fight.obj
c:\program files\kingpin\nbk\nbk_sdk\g_items.nativecodeanalysis.xml
c:\program files\kingpin\nbk\nbk_sdk\g_items.obj
c:\program files\kingpin\nbk\nbk_sdk\g_save.nativecodeanalysis.xml
c:\program files\kingpin\nbk\nbk_sdk\g_save.obj
c:\program files\kingpin\nbk\nbk_sdk\g_weapon.nativecodeanalysis.xml
c:\program files\kingpin\nbk\nbk_sdk\g_weapon.obj
c:\program files\kingpin\nbk\nbk_sdk\q_shared.nativecodeanalysis.xml
c:\program files\kingpin\nbk\nbk_sdk\q_shared.obj
c:\program files\kingpin\nbk\nbk_sdk\voice_bitch.nativecodeanalysis.xml
c:\program files\kingpin\nbk\nbk_sdk\voice_bitch.obj
c:\program files\kingpin\nbk\nbk_sdk\vc140.pdb
c:\program files\kingpin\nbk\nbk_sdk\gamex86.lib
c:\program files\kingpin\nbk\nbk_sdk\gamex86.exp
c:\program files\kingpin\nbk\nbk_sdk\gamex86.ilk
c:\program files\kingpin\nbk\nbk_sdk\gamex86.dll
c:\program files\kingpin\nbk\nbk_sdk\nativecodeanalysis.read.1.tlog
c:\program files\kingpin\nbk\nbk_sdk\vc140.idb
c:\program files\kingpin\nbk\nbk_sdk\vc.nativecodeanalysis.all.xml
c:\program files\kingpin\nbk\nbk_sdk\gamex86.dll.lastcodeanalysissucceeded
c:\program files\kingpin\nbk\nbk_sdk\game.tlog\cl.10520.write.1.tlog
c:\program files\kingpin\nbk\nbk_sdk\game.tlog\cl.command.1.tlog
c:\program files\kingpin\nbk\nbk_sdk\game.tlog\cl.read.1.tlog
c:\program files\kingpin\nbk\nbk_sdk\game.tlog\game.write.1u.tlog
c:\program files\kingpin\nbk\nbk_sdk\game.tlog\link.command.1.tlog
c:\program files\kingpin\nbk\nbk_sdk\game.tlog\link.read.1.tlog
c:\program files\kingpin\nbk\nbk_sdk\game.tlog\link.write.1.tlog
